0	-1.023273e-01	-4.544828e-01	-2.775203e-02
0	-7.333029e-02	-4.596096e-01	-3.083089e-02
0	-4.402262e-02	-4.624008e-01	-3.374740e-02
0	-1.461410e-02	-4.628475e-01	-3.648157e-02
0	1.468665e-02	-4.609646e-01	-3.901549e-02
0	4.367536e-02	-4.567903e-01	-4.133354e-02
0	7.215512e-02	-4.503846e-01	-4.342257e-02
0	9.993906e-02	-4.418282e-01	-4.527202e-02
0	1.268527e-01	-4.312199e-01	-4.687397e-02
0	1.527361e-01	-4.186748e-01	-4.822313e-02
0	1.774450e-01	-4.043212e-01	-4.931678e-02
0	2.008522e-01	-3.882987e-01	-5.015465e-02
0	2.228482e-01	-3.707549e-01	-5.073874e-02
0	2.433413e-01	-3.518431e-01	-5.107319e-02
0	2.622574e-01	-3.317198e-01	-5.116399e-02
0	2.795397e-01	-3.105425e-01	-5.101877e-02
0	2.951477e-01	-2.884673e-01	-5.064661e-02
0	3.090562e-01	-2.656475e-01	-5.005771e-02
0	3.212545e-01	-2.422318e-01	-4.926322e-02
0	3.317444e-01	-2.183631e-01	-4.827500e-02
0	3.405394e-01	-1.941772e-01	-4.710540e-02
0	3.476630e-01	-1.698028e-01	-4.576708e-02
0	3.531477e-01	-1.453600e-01	-4.427282e-02
0	3.570331e-01	-1.209607e-01	-4.263541e-02
0	3.593648e-01	-9.670825e-02	-4.086749e-02
0	3.601937e-01	-7.269749e-02	-3.898145e-02
0	3.595742e-01	-4.901484e-02	-3.698937e-02
0	3.575637e-01	-2.573871e-02	-3.490291e-02
0	3.542214e-01	-2.939762e-03	-3.273327e-02
0	3.496077e-01	1.931858e-02	-3.049118e-02
0	3.437836e-01	4.097973e-02	-2.818687e-02
0	3.368102e-01	6.199339e-02	-2.583003e-02
0	3.287477e-01	8.231507e-02	-2.342984e-02
0	3.196557e-01	1.019056e-01	-2.099497e-02
0	3.095926e-01	1.207304e-01	-1.853358e-02
0	2.986152e-01	1.387594e-01	-1.605335e-02
0	2.867790e-01	1.559662e-01	-1.356153e-02
0	2.741374e-01	1.723277e-01	-1.106491e-02
0	2.607424e-01	1.878237e-01	-8.569897e-03
0	2.466442e-01	2.024367e-01	-6.082533e-03
0	2.318910e-01	2.161512e-01	-3.608520e-03
0	2.165296e-01	2.289533e-01	-1.153260e-03
0	2.006051e-01	2.408310e-01	1.278113e-03
0	1.841610e-01	2.517732e-01	3.680702e-03
0	1.672395e-01	2.617699e-01	6.049814e-03
0	1.498817e-01	2.708118e-01	8.380928e-03
0	1.321274e-01	2.788900e-01	1.066966e-02
0	1.140156e-01	2.859961e-01	1.291176e-02
0	9.558479e-02	2.921220e-01	1.510302e-02
0	7.687257e-02	2.972596e-01	1.723933e-02
0	5.791643e-02	3.014008e-01	1.931660e-02
0	3.875368e-02	3.045373e-01	2.133072e-02
0	1.942173e-02	3.066611e-01	2.327760e-02
0	-4.171593e-05	3.077636e-01	2.515309e-02
0	-1.959844e-02	3.078363e-01	2.695299e-02
0	-3.920946e-02	3.068707e-01	2.867302e-02
0	-5.883485e-02	3.048580e-01	3.030881e-02
0	-7.843345e-02	3.017897e-01	3.185587e-02
0	-9.796271e-02	2.976572e-01	3.330962e-02
0	-1.173784e-01	2.924524e-01	3.466532e-02
0	-1.366344e-01	2.861676e-01	3.591812e-02
0	-1.556826e-01	2.787958e-01	3.706303e-02
0	-1.744724e-01	2.703308e-01	3.809491e-02
0	-1.929509e-01	2.607678e-01	3.900851e-02
0	-2.110624e-01	2.501034e-01	3.979844e-02
0	-2.287484e-01	2.383362e-01	4.045922e-02
0	-2.459475e-01	2.254670e-01	4.098528e-02
0	-2.625950e-01	2.114996e-01	4.137101e-02
0	-2.786234e-01	1.964408e-01	4.161077e-02
0	-2.939620e-01	1.803014e-01	4.169894e-02
0	-3.085367e-01	1.630965e-01	4.162998e-02
0	-3.222709e-01	1.448465e-01	4.139850e-02
0	-3.350850e-01	1.255771e-01	4.099932e-02
0	-3.468970e-01	1.053206e-01	4.042756e-02
0	-3.576228e-01	8.411642e-02	3.967873e-02
0	-3.671768e-01	6.201175e-02	3.874882e-02
0	-3.754726e-01	3.906222e-02	3.763445e-02
0	-3.824235e-01	1.533265e-02	3.633297e-02
0	-3.879437e-01	-9.102397e-03	3.484261e-02
0	-3.919493e-01	-3.415805e-02	3.316259e-02
0	-3.943593e-01	-5.973875e-02	3.129330e-02
0	-3.950972e-01	-8.573793e-02	2.923644e-02
0	-3.940925e-01	-1.120379e-01	2.699514e-02
0	-3.912821e-01	-1.385101e-01	2.457413e-02
0	-3.866120e-01	-1.650152e-01	2.197985e-02
0	-3.800393e-01	-1.914039e-01	1.922054e-02
0	-3.715335e-01	-2.175178e-01	1.630637e-02
0	-3.610787e-01	-2.431905e-01	1.324947e-02
0	-3.486747e-01	-2.682493e-01	1.006393e-02
0	-3.343389e-01	-2.925171e-01	6.765818e-03
0	-3.181071e-01	-3.158145e-01	3.373091e-03
0	-3.000349e-01	-3.379622e-01	-9.451562e-05
0	-2.801977e-01	-3.587837e-01	-3.615655e-03
0	-2.586911e-01	-3.781081e-01	-7.167586e-03
0	-2.356309e-01	-3.957731e-01	-1.072644e-02
0	-2.111518e-01	-4.116280e-01	-1.426753e-02
0	-1.854064e-01	-4.255363e-01	-1.776571e-02
0	-1.585636e-01	-4.373782e-01	-2.119571e-02
0	-1.308058e-01	-4.470535e-01	-2.453257e-02
0	-1.023273e-01	-4.544828e-01	-2.775203e-02
1	4.832480e-01	-5.436448e-01	-3.534677e-02
1	5.167182e-01	-5.118183e-01	-3.684144e-02
1	5.480919e-01	-4.779188e-01	-3.818667e-02
1	5.772403e-01	-4.420856e-01	-3.937696e-02
1	6.040442e-01	-4.044664e-01	-4.040745e-02
1	6.283942e-01	-3.652162e-01	-4.127394e-02
1	6.501912e-01	-3.244966e-01	-4.197296e-02
1	6.693469e-01	-2.824755e-01	-4.250169e-02
1	6.857842e-01	-2.393258e-01	-4.285807e-02
1	6.994373e-01	-1.952251e-01	-4.304073e-02
1	7.102521e-01	-1.503546e-01	-4.304904e-02
1	7.181865e-01	-1.048986e-01	-4.288310e-02
1	7.232102e-01	-5.904338e-02	-4.254372e-02
1	7.253054e-01	-1.297672e-02	-4.203244e-02
1	7.244661e-01	3.311314e-02	-4.135151e-02
1	7.206987e-01	7.903819e-02	-4.050387e-02
1	7.140215e-01	1.246115e-01	-3.949314e-02
1	7.044649e-01	1.696479e-01	-3.832363e-02
1	6.920708e-01	2.139650e-01	-3.700025e-02
1	6.768930e-01	2.573836e-01	-3.552856e-02
1	6.589964e-01	2.997287e-01	-3.391470e-02
1	6.384566e-01	3.408301e-01	-3.216540e-02
1	6.153603e-01	3.805230e-01	-3.028789e-02
1	5.898038e-01	4.186487e-01	-2.828993e-02
1	5.618935e-01	4.550556e-01	-2.617972e-02
1	5.317450e-01	4.895989e-01	-2.396593e-02
1	4.994824e-01	5.221421e-01	-2.165759e-02
1	4.652382e-01	5.525570e-01	-1.926411e-02
1	4.291524e-01	5.807240e-01	-1.679521e-02
1	3.913720e-01	6.065333e-01	-1.426088e-02
1	3.520506e-01	6.298842e-01	-1.167135e-02
1	3.113472e-01	6.506865e-01	-9.037058e-03
1	2.694262e-01	6.688601e-01	-6.368569e-03
1	2.264562e-01	6.843356e-01	-3.676577e-03
1	1.826097e-01	6.970543e-01	-9.718366e-04
1	1.380622e-01	7.069687e-01	1.734868e-03
1	9.299174e-02	7.140421e-01	4.432770e-03
1	4.757777e-02	7.182495e-01	7.111159e-03
1	2.000941e-03	7.195766e-01	9.759422e-03
1	-4.355786e-02	7.180210e-01	1.236708e-02
1	-8.891811e-02	7.135910e-01	1.492384e-02
1	-1.339004e-01	7.063065e-01	1.741961e-02
1	-1.783269e-01	6.961982e-01	1.984456e-02
1	-2.220223e-01	6.833078e-01	2.218915e-02
1	-2.648145e-01	6.676879e-01	2.444415e-02
1	-3.065347e-01	6.494014e-01	2.660070e-02
1	-3.470186e-01	6.285216e-01	2.865032e-02
1	-3.861069e-01	6.051318e-01	3.058496e-02
1	-4.236457e-01	5.793249e-01	3.239702e-02
1	-4.594870e-01	5.512031e-01	3.407935e-02
1	-4.934896e-01	5.208775e-01	3.562534e-02
1	-5.255194e-01	4.884678e-01	3.702888e-02
1	-5.554499e-01	4.541016e-01	3.828442e-02
1	-5.831625e-01	4.179144e-01	3.938700e-02
1	-6.085473e-01	3.800484e-01	4.033221e-02
1	-6.315034e-01	3.406527e-01	4.111628e-02
1	-6.519391e-01	2.998822e-01	4.173603e-02
1	-6.697725e-01	2.578975e-01	4.218896e-02
1	-6.849315e-01	2.148638e-01	4.247316e-02
1	-6.973546e-01	1.709508e-01	4.258742e-02
1	-7.069906e-01	1.263318e-01	4.253116e-02
1	-7.137993e-01	8.118298e-02	4.230448e-02
1	-7.177513e-01	3.568301e-02	4.190813e-02
1	-7.188284e-01	-9.987818e-03	4.134353e-02
1	-7.170235e-01	-5.564822e-02	4.061277e-02
1	-7.123411e-01	-1.011166e-01	3.971860e-02
1	-7.047967e-01	-1.462117e-01	3.866439e-02
1	-6.944172e-01	-1.907533e-01	3.745418e-02
1	-6.812409e-01	-2.345632e-01	3.609262e-02
1	-6.653171e-01	-2.774654e-01	3.458497e-02
1	-6.467062e-01	-3.192872e-01	3.293708e-02
1	-6.254794e-01	-3.598599e-01	3.115539e-02
1	-6.017186e-01	-3.990191e-01	2.924686e-02
1	-5.755159e-01	-4.366059e-01	2.721900e-02
1	-5.469735e-01	-4.724670e-01	2.507981e-02
1	-5.162034e-01	-5.064561e-01	2.283776e-02
1	-4.833267e-01	-5.384335e-01	2.050175e-02
1	-4.484732e-01	-5.682677e-01	1.808108e-02
1	-4.117814e-01	-5.958354e-01	1.558543e-02
1	-3.733974e-01	-6.210221e-01	1.302481e-02
1	-3.334745e-01	-6.437229e-01	1.040950e-02
1	-2.921728e-01	-6.638426e-01	7.750040e-03
1	-2.496584e-01	-6.812965e-01	5.057185e-03
1	-2.061027e-01	-6.960105e-01	2.341841e-03
1	-1.616817e-01	-7.079217e-01	-3.849659e-04
1	-1.165756e-01	-7.169784e-01	-3.112138e-03
1	-7.096762e-02	-7.231408e-01	-5.828554e-03
1	-2.504345e-02	-7.263810e-01	-8.523111e-03
1	2.100954e-02	-7.266829e-01	-1.118478e-02
1	6.700312e-02	-7.240427e-01	-1.380265e-02
1	1.127490e-01	-7.184690e-01	-1.636596e-02
1	1.580596e-01	-7.099824e-01	-1.886418e-02
1	2.027489e-01	-6.986157e-01	-2.128703e-02
1	2.466333e-01	-6.844138e-01	-2.362452e-02
1	2.895322e-01	-6.674336e-01	-2.586702e-02
1	3.312693e-01	-6.477434e-01	-2.800528e-02
1	3.716725e-01	-6.254233e-01	-3.003048e-02
1	4.105757e-01	-6.005640e-01	-3.193427e-02
1	4.478186e-01	-5.732672e-01	-3.370880e-02
1	4.832480e-01	-5.436448e-01	-3.534677e-02
2	2.404056e-01	-9.870667e-01	3.364207e-05
2	3.025151e-01	-9.697996e-01	3.464270e-05
2	3.633783e-01	-9.485657e-01	3.550141e-05
2	4.227383e-01	-9.234557e-01	3.621462e-05
2	4.803452e-01	-8.945777e-01	3.677938e-05
2	5.359571e-01	-8.620562e-01	3.719343e-05
2	5.893414e-01	-8.260315e-01	3.745513e-05
2	6.402756e-01	-7.866590e-01	3.756356e-05
2	6.885485e-01	-7.441087e-01	3.751846e-05
2	7.339611e-01	-6.985639e-01	3.732022e-05
2	7.763277e-01	-6.502203e-01	3.696994e-05
2	8.154762e-01	-5.992854e-01	3.646935e-05
2	8.512493e-01	-5.459771e-01	3.582083e-05
2	8.835048e-01	-4.905226e-01	3.502739e-05
2	9.121163e-01	-4.331575e-01	3.409267e-05
2	9.369737e-01	-3.741245e-01	3.302087e-05
2	9.579834e-01	-3.136722e-01	3.181677e-05
2	9.750685e-01	-2.520540e-01	3.048570e-05
2	9.881693e-01	-1.895269e-01	2.903347e-05
2	9.972430e-01	-1.263505e-01	2.746640e-05
2	1.002264e+00	-6.278536e-02	2.579124e-05
2	1.003224e+00	9.076557e-04	2.401514e-05
2	1.000131e+00	6.446874e-02	2.214564e-05
2	9.930093e-01	1.276402e-01	2.019062e-05
2	9.819010e-01	1.901674e-01	1.815825e-05
2	9.668628e-01	2.518001e-01	1.605698e-05
2	9.479675e-01	3.122930e-01	1.389548e-05
2	9.253027e-01	3.714070e-01	1.168259e-05
2	8.989706e-01	4.289099e-01	9.427328e-06
2	8.690874e-01	4.845775e-01	7.138812e-06
2	8.357824e-01	5.381938e-01	4.826237e-06
2	7.991977e-01	5.895526e-01	2.498837e-06
2	7.594872e-01	6.384573e-01	1.658518e-07
2	7.168162e-01	6.847221e-01	-2.163511e-06
2	6.713603e-01	7.281724e-01	-4.480110e-06
2	6.233049e-01	7.686452e-01	-6.774898e-06
2	5.728444e-01	8.059897e-01	-9.038960e-06
2	5.201812e-01	8.400679e-01	-1.126354e-05
2	4.655252e-01	8.707544e-01	-1.344007e-05
2	4.090927e-01	8.979372e-01	-1.556021e-05
2	3.511059e-01	9.215180e-01	-1.761585e-05
2	2.917919e-01	9.414120e-01	-1.959916e-05
2	2.313817e-01	9.575486e-01	-2.150261e-05
2	1.701098e-01	9.698711e-01	-2.331896e-05
2	1.082134e-01	9.783371e-01	-2.504135e-05
2	4.593091e-02	9.829185e-01	-2.666327e-05
2	-1.649788e-02	9.836012e-01	-2.817857e-05
2	-7.883333e-02	9.803858e-01	-2.958152e-05
2	-1.408364e-01	9.732867e-01	-3.086680e-05
2	-2.022694e-01	9.623326e-01	-3.202954e-05
2	-2.628971e-01	9.475664e-01	-3.306530e-05
2	-3.224870e-01	9.290446e-01	-3.397011e-05
2	-3.808104e-01	9.068376e-01	-3.474048e-05
2	-4.376432e-01	8.810290e-01	-3.537339e-05
2	-4.927663e-01	8.517158e-01	-3.586634e-05
2	-5.459668e-01	8.190079e-01	-3.621733e-05
2	-5.970382e-01	7.830279e-01	-3.642488e-05
2	-6.457815e-01	7.439106e-01	-3.648801e-05
2	-6.920059e-01	7.018026e-01	-3.640631e-05
2	-7.355292e-01	6.568619e-01	-3.617987e-05
2	-7.761785e-01	6.092578e-01	-3.580932e-05
2	-8.137912e-01	5.591697e-01	-3.529585e-05
2	-8.482153e-01	5.067873e-01	-3.464115e-05
2	-8.793102e-01	4.523094e-01	-3.384749e-05
2	-9.069471e-01	3.959438e-01	-3.291764e-05
2	-9.310097e-01	3.379062e-01	-3.185491e-05
2	-9.513948e-01	2.784200e-01	-3.066314e-05
2	-9.680127e-01	2.177150e-01	-2.934666e-05
2	-9.807878e-01	1.560272e-01	-2.791034e-05
2	-9.896587e-01	9.359748e-02	-2.635950e-05
2	-9.945790e-01	3.067112e-02	-2.469996e-05
2	-9.955177e-01	-3.250325e-02	-2.293801e-05
2	-9.924589e-01	-9.567451e-02	-2.108034e-05
2	-9.854027e-01	-1.585901e-01	-1.913411e-05
2	-9.743651e-01	-2.209968e-01	-1.710685e-05
2	-9.593783e-01	-2.826419e-01	-1.500646e-05
2	-9.404904e-01	-3.432744e-01	-1.284118e-05
2	-9.177658e-01	-4.026456e-01	-1.061960e-05
2	-8.912850e-01	-4.605105e-01	-8.350550e-06
2	-8.611445e-01	-5.166289e-01	-6.043134e-06
2	-8.274564e-01	-5.707662e-01	-3.706663e-06
2	-7.903482e-01	-6.226948e-01	-1.350623e-06
2	-7.499625e-01	-6.721949e-01	1.015360e-06
2	-7.064567e-01	-7.190558e-01	3.381566e-06
2	-6.600020e-01	-7.630768e-01	5.738220e-06
2	-6.107831e-01	-8.040681e-01	8.075537e-06
2	-5.589975e-01	-8.418521e-01	1.038376e-05
2	-5.048546e-01	-8.762637e-01	1.265322e-05
2	-4.485750e-01	-9.071521e-01	1.487437e-05
2	-3.903893e-01	-9.343807e-01	1.703781e-05
2	-3.305376e-01	-9.578284e-01	1.913439e-05
2	-2.692678e-01	-9.773902e-01	2.115517e-05
2	-2.068352e-01	-9.929776e-01	2.309157e-05
2	-1.435006e-01	-1.004519e+00	2.493530e-05
2	-7.952966e-02	-1.011961e+00	2.667848e-05
2	-1.519147e-02	-1.015268e+00	2.831366e-05
2	4.924281e-02	-1.014423e+00	2.983384e-05
2	1.135012e-01	-1.009425e+00	3.123252e-05
2	1.773120e-01	-1.000294e+00	3.250374e-05
2	2.404056e-01	-9.870667e-01	3.364207e-05
3	-1.522796e+00	6.734467e-01	5.146847e-02
3	-1.562165e+00	5.753601e-01	5.037873e-02
3	-1.594570e+00	4.748015e-01	4.906634e-02
3	-1.619852e+00	3.723040e-01	4.753861e-02
3	-1.637902e+00	2.684110e-01	4.580421e-02
3	-1.648656e+00	1.636710e-01	4.387309e-02
3	-1.652098e+00	5.863311e-02	4.175635e-02
3	-1.648259e+00	-4.615793e-02	3.946618e-02
3	-1.637215e+00	-1.501660e-01	3.701566e-02
3	-1.619086e+00	-2.528683e-01	3.441871e-02
3	-1.594033e+00	-3.537587e-01	3.168987e-02
3	-1.562256e+00	-4.523523e-01	2.884423e-02
3	-1.523992e+00	-5.481879e-01	2.589726e-02
3	-1.479511e+00	-6.408309e-01	2.286466e-02
3	-1.429111e+00	-7.298762e-01	1.976226e-02
3	-1.373116e+00	-8.149491e-01	1.660587e-02
3	-1.311874e+00	-8.957079e-01	1.341116e-02
3	-1.245751e+00	-9.718437e-01	1.019359e-02
3	-1.175127e+00	-1.043082e+00	6.968242e-03
3	-1.100395e+00	-1.109182e+00	3.749803e-03
3	-1.021956e+00	-1.169936e+00	5.524425e-04
3	-9.402155e-01	-1.225171e+00	-2.610232e-03
3	-8.555830e-01	-1.274746e+00	-5.725237e-03
3	-7.684664e-01	-1.318549e+00	-8.780249e-03
3	-6.792712e-01	-1.356503e+00	-1.176364e-02
3	-5.883981e-01	-1.388553e+00	-1.466451e-02
3	-4.962410e-01	-1.414678e+00	-1.747267e-02
3	-4.031852e-01	-1.434876e+00	-2.017870e-02
3	-3.096064e-01	-1.449172e+00	-2.277388e-02
3	-2.158693e-01	-1.457613e+00	-2.525024e-02
3	-1.223267e-01	-1.460266e+00	-2.760051e-02
3	-2.931872e-02	-1.457214e+00	-2.981814e-02
3	6.282738e-02	-1.448560e+00	-3.189723e-02
3	1.537979e-01	-1.434421e+00	-3.383253e-02
3	2.432927e-01	-1.414928e+00	-3.561943e-02
3	3.310253e-01	-1.390224e+00	-3.725391e-02
3	4.167229e-01	-1.360464e+00	-3.873250e-02
3	5.001259e-01	-1.325812e+00	-4.005230e-02
3	5.809881e-01	-1.286443e+00	-4.121091e-02
3	6.590761e-01	-1.242537e+00	-4.220639e-02
3	7.341689e-01	-1.194283e+00	-4.303729e-02
3	8.060580e-01	-1.141877e+00	-4.370257e-02
3	8.745463e-01	-1.085519e+00	-4.420163e-02
3	9.394482e-01	-1.025416e+00	-4.453422e-02
3	1.000589e+00	-9.617797e-01	-4.470050e-02
3	1.057805e+00	-8.948252e-01	-4.470097e-02
3	1.110942e+00	-8.247729e-01	-4.453645e-02
3	1.159856e+00	-7.518471e-01	-4.420813e-02
3	1.204413e+00	-6.762761e-01	-4.371750e-02
3	1.244488e+00	-5.982920e-01	-4.306635e-02
3	1.279966e+00	-5.181313e-01	-4.225681e-02
3	1.310740e+00	-4.360340e-01	-4.129131e-02
3	1.336714e+00	-3.522445e-01	-4.017257e-02
3	1.357798e+00	-2.670113e-01	-3.890365e-02
3	1.373916e+00	-1.805873e-01	-3.748792e-02
3	1.384996e+00	-9.322975e-02	-3.592907e-02
3	1.390980e+00	-5.200503e-03	-3.423113e-02
3	1.391819e+00	8.323391e-02	-3.239847e-02
3	1.387472e+00	1.718022e-01	-3.043581e-02
3	1.377914e+00	2.602283e-01	-2.834827e-02
3	1.363126e+00	3.482312e-01	-2.614132e-02
3	1.343105e+00	4.355252e-01	-2.382086e-02
3	1.317860e+00	5.218201e-01	-2.139318e-02
3	1.287413e+00	6.068209e-01	-1.886502e-02
3	1.251802e+00	6.902289e-01	-1.624354e-02
3	1.211079e+00	7.717414e-01	-1.353640e-02
3	1.165314e+00	8.510525e-01	-1.075168e-02
3	1.114592e+00	9.278539e-01	-7.897974e-03
3	1.059019e+00	1.001836e+00	-4.984357e-03
3	9.987195e-01	1.072687e+00	-2.020390e-03
3	9.338376e-01	1.140097e+00	9.838701e-04
3	8.645396e-01	1.203757e+00	4.017881e-03
3	7.910134e-01	1.263361e+00	7.070624e-03
3	7.134703e-01	1.318609e+00	1.013062e-02
3	6.321447e-01	1.369207e+00	1.318593e-02
3	5.472953e-01	1.414868e+00	1.622425e-02
3	4.592052e-01	1.455318e+00	1.923286e-02
3	3.681821e-01	1.490295e+00	2.219873e-02
3	2.745579e-01	1.519554e+00	2.510857e-02
3	1.786888e-01	1.542865e+00	2.794885e-02
3	8.095429e-02	1.560023e+00	3.070593e-02
3	-1.824387e-02	1.570842e+00	3.336610e-02
3	-1.184827e-01	1.575167e+00	3.591569e-02
3	-2.193200e-01	1.572869e+00	3.834116e-02
3	-3.202961e-01	1.563850e+00	4.062920e-02
3	-4.209365e-01	1.548047e+00	4.276686e-02
3	-5.207546e-01	1.525435e+00	4.474164e-02
3	-6.192549e-01	1.496025e+00	4.654163e-02
3	-7.159364e-01	1.459868e+00	4.815562e-02
3	-8.102963e-01	1.417058e+00	4.957323e-02
3	-9.018342e-01	1.367729e+00	5.078501e-02
3	-9.900563e-01	1.312060e+00	5.178259e-02
3	-1.074479e+00	1.250271e+00	5.255873e-02
3	-1.154636e+00	1.182627e+00	5.310749e-02
3	-1.230078e+00	1.109430e+00	5.342425e-02
3	-1.300381e+00	1.031025e+00	5.350581e-02
3	-1.365149e+00	9.477935e-01	5.335044e-02
3	-1.424020e+00	8.601503e-01	5.295796e-02
3	-1.476666e+00	7.685431e-01	5.232968e-02
3	-1.522796e+00	6.734467e-01	5.146847e-02
4	-5.322982e+00	-1.224805e+00	1.241917e-01
4	-5.234028e+00	-1.559870e+00	1.235934e-01
4	-5.122960e+00	-1.888195e+00	1.224724e-01
4	-4.990313e+00	-2.208262e+00	1.208342e-01
4	-4.836736e+00	-2.518600e+00	1.186873e-01
4	-4.662984e+00	-2.817794e+00	1.160427e-01
4	-4.469914e+00	-3.104493e+00	1.129139e-01
4	-4.258479e+00	-3.377422e+00	1.093169e-01
4	-4.029720e+00	-3.635381e+00	1.052702e-01
4	-3.784759e+00	-3.877261e+00	1.007941e-01
4	-3.524788e+00	-4.102043e+00	9.591113e-02
4	-3.251065e+00	-4.308803e+00	9.064558e-02
4	-2.964904e+00	-4.496720e+00	8.502343e-02
4	-2.667662e+00	-4.665075e+00	7.907207e-02
4	-2.360736e+00	-4.813254e+00	7.282020e-02
4	-2.045549e+00	-4.940750e+00	6.629755e-02
4	-1.723544e+00	-5.047163e+00	5.953474e-02
4	-1.396174e+00	-5.132196e+00	5.256307e-02
4	-1.064895e+00	-5.195659e+00	4.541431e-02
4	-7.311563e-01	-5.237465e+00	3.812053e-02
4	-3.963951e-01	-5.257623e+00	3.071394e-02
4	-6.202764e-02	-5.256243e+00	2.322666e-02
4	2.705562e-01	-5.233525e+00	1.569064e-02
4	5.999994e-01	-5.189758e+00	8.137440e-03
4	9.249826e-01	-5.125316e+00	5.981260e-04
4	1.244230e+00	-5.040651e+00	-6.896858e-03
4	1.556511e+00	-4.936292e+00	-1.431781e-02
4	1.860648e+00	-4.812835e+00	-2.163589e-02
4	2.155516e+00	-4.670942e+00	-2.882317e-02
4	2.440048e+00	-4.511335e+00	-3.585275e-02
4	2.713232e+00	-4.334789e+00	-4.269882e-02
4	2.974120e+00	-4.142129e+00	-4.933672e-02
4	3.221825e+00	-3.934225e+00	-5.574296e-02
4	3.455521e+00	-3.711988e+00	-6.189532e-02
4	3.674446e+00	-3.476362e+00	-6.777280e-02
4	3.877903e+00	-3.228325e+00	-7.335573e-02
4	4.065255e+00	-2.968880e+00	-7.862573e-02
4	4.235931e+00	-2.699054e+00	-8.356572e-02
4	4.389423e+00	-2.419896e+00	-8.815998e-02
4	4.525282e+00	-2.132468e+00	-9.239408e-02
4	4.643125e+00	-1.837846e+00	-9.625494e-02
4	4.742627e+00	-1.537119e+00	-9.973079e-02
4	4.823525e+00	-1.231379e+00	-1.028112e-01
4	4.885613e+00	-9.217269e-01	-1.054870e-01
4	4.928746e+00	-6.092636e-01	-1.077503e-01
4	4.952836e+00	-2.950912e-01	-1.095947e-01
4	4.957851e+00	1.969073e-02	-1.110147e-01
4	4.943817e+00	3.339861e-01	-1.120066e-01
4	4.910815e+00	6.467051e-01	-1.125674e-01
4	4.858979e+00	9.567655e-01	-1.126958e-01
4	4.788500e+00	1.263095e+00	-1.123916e-01
4	4.699623e+00	1.564632e+00	-1.116558e-01
4	4.592645e+00	1.860329e+00	-1.104907e-01
4	4.467917e+00	2.149154e+00	-1.088999e-01
4	4.325842e+00	2.430091e+00	-1.068882e-01
4	4.166877e+00	2.702143e+00	-1.044617e-01
4	3.991530e+00	2.964335e+00	-1.016276e-01
4	3.800363e+00	3.215714e+00	-9.839463e-02
4	3.593988e+00	3.455352e+00	-9.477261e-02
4	3.373070e+00	3.682352e+00	-9.077266e-02
4	3.138323e+00	3.895843e+00	-8.640717e-02
4	2.890515e+00	4.094991e+00	-8.168984e-02
4	2.630462e+00	4.278994e+00	-7.663560e-02
4	2.359031e+00	4.447092e+00	-7.126069e-02
4	2.077137e+00	4.598564e+00	-6.558260e-02
4	1.785744e+00	4.732738e+00	-5.962009e-02
4	1.485861e+00	4.848987e+00	-5.339314e-02
4	1.178543e+00	4.946739e+00	-4.692300e-02
4	8.648903e-01	5.025475e+00	-4.023208e-02
4	5.460410e-01	5.084739e+00	-3.334399e-02
4	2.231739e-01	5.124135e+00	-2.628346e-02
4	-1.024964e-01	5.143337e+00	-1.907630e-02
4	-4.297230e-01	5.142087e+00	-1.174934e-02
4	-7.572298e-01	5.120204e+00	-4.330391e-03
4	-1.083716e+00	5.077585e+00	3.151881e-03
4	-1.407861e+00	5.014207e+00	1.066801e-02
4	-1.728327e+00	4.930133e+00	1.818782e-02
4	-2.043770e+00	4.825513e+00	2.568059e-02
4	-2.352838e+00	4.700589e+00	3.311511e-02
4	-2.654186e+00	4.555692e+00	4.045985e-02
4	-2.946476e+00	4.391251e+00	4.768311e-02
4	-3.228386e+00	4.207787e+00	5.475316e-02
4	-3.498619e+00	4.005917e+00	6.163841e-02
4	-3.755909e+00	3.786355e+00	6.830758e-02
4	-3.999031e+00	3.549908e+00	7.472989e-02
4	-4.226807e+00	3.297477e+00	8.087522e-02
4	-4.438113e+00	3.030054e+00	8.671435e-02
4	-4.631892e+00	2.748716e+00	9.221910e-02
4	-4.807156e+00	2.454627e+00	9.736256e-02
4	-4.962998e+00	2.149025e+00	1.021193e-01
4	-5.098595e+00	1.833225e+00	1.064654e-01
4	-5.213219e+00	1.508605e+00	1.103789e-01
4	-5.306243e+00	1.176604e+00	1.138397e-01
4	-5.377144e+00	8.387107e-01	1.168300e-01
4	-5.425508e+00	4.964578e-01	1.193341e-01
4	-5.451036e+00	1.514101e-01	1.213390e-01
4	-5.453549e+00	-1.948435e-01	1.228338e-01
4	-5.432984e+00	-5.407002e-01	1.238106e-01
4	-5.389401e+00	-8.845538e-01	1.242641e-01
4	-5.322982e+00	-1.224805e+00	1.241917e-01
5	4.074161e-04	-1.007537e+01	1.749502e-01
5	6.389474e-01	-1.005439e+01	1.491916e-01
5	1.274495e+00	-9.990753e+00	1.228111e-01
5	1.904080e+00	-9.884786e+00	9.593267e-02
5	2.524771e+00	-9.737057e+00	6.868274e-02
5	3.133694e+00	-9.548349e+00	4.118918e-02
5	3.728052e+00	-9.319660e+00	1.358054e-02
5	4.305143e+00	-9.052191e+00	-1.401483e-02
5	4.862373e+00	-8.747335e+00	-4.146958e-02
5	5.397274e+00	-8.406672e+00	-6.865817e-02
5	5.907518e+00	-8.031947e+00	-9.545762e-02
5	6.390925e+00	-7.625064e+00	-1.217483e-01
5	6.845479e+00	-7.188066e+00	-1.474144e-01
5	7.269333e+00	-6.723123e+00	-1.723449e-01
5	7.660816e+00	-6.232512e+00	-1.964338e-01
5	8.018442e+00	-5.718604e+00	-2.195808e-01
5	8.340910e+00	-5.183849e+00	-2.416916e-01
5	8.627108e+00	-4.630753e+00	-2.626784e-01
5	8.876113e+00	-4.061871e+00	-2.824603e-01
5	9.087190e+00	-3.479785e+00	-3.009631e-01
5	9.259792e+00	-2.887092e+00	-3.181199e-01
5	9.393552e+00	-2.286391e+00	-3.338711e-01
5	9.488284e+00	-1.680265e+00	-3.481644e-01
5	9.543975e+00	-1.071274e+00	-3.609547e-01
5	9.560776e+00	-4.619400e-01	-3.722044e-01
5	9.539000e+00	1.452617e-01	-3.818830e-01
5	9.479114e+00	7.479131e-01	-3.899668e-01
5	9.381726e+00	1.343661e+00	-3.964394e-01
5	9.247584e+00	1.930227e+00	-4.012908e-01
5	9.077561e+00	2.505410e+00	-4.045175e-01
5	8.872651e+00	3.067094e+00	-4.061225e-01
5	8.633961e+00	3.613256e+00	-4.061144e-01
5	8.362697e+00	4.141964e+00	-4.045078e-01
5	8.060164e+00	4.651383e+00	-4.013227e-01
5	7.727750e+00	5.139781e+00	-3.965842e-01
5	7.366926e+00	5.605524e+00	-3.903225e-01
5	6.979233e+00	6.047082e+00	-3.825721e-01
5	6.566276e+00	6.463031e+00	-3.733723e-01
5	6.129720e+00	6.852048e+00	-3.627663e-01
5	5.671282e+00	7.212918e+00	-3.508013e-01
5	5.192724e+00	7.544526e+00	-3.375280e-01
5	4.695851e+00	7.845864e+00	-3.230006e-01
5	4.182502e+00	8.116028e+00	-3.072766e-01
5	3.654547e+00	8.354215e+00	-2.904165e-01
5	3.113884e+00	8.559724e+00	-2.724834e-01
5	2.562431e+00	8.731956e+00	-2.535434e-01
5	2.002126e+00	8.870414e+00	-2.336648e-01
5	1.434922e+00	8.974699e+00	-2.129185e-01
5	8.627823e-01	9.044514e+00	-1.913772e-01
5	2.876785e-01	9.079658e+00	-1.691160e-01
5	-2.884128e-01	9.080033e+00	-1.462117e-01
5	-8.635138e-01	9.045636e+00	-1.227429e-01
5	-1.435648e+00	8.976565e+00	-9.879000e-02
5	-2.002844e+00	8.873017e+00	-7.443478e-02
5	-2.563137e+00	8.735287e+00	-4.976045e-02
5	-3.114576e+00	8.563772e+00	-2.485155e-02
5	-3.655223e+00	8.358966e+00	2.062680e-04
5	-4.183159e+00	8.121465e+00	2.532632e-02
5	-4.696486e+00	7.851969e+00	5.042105e-02
5	-5.193335e+00	7.551276e+00	7.540219e-02
5	-5.671865e+00	7.220290e+00	1.001809e-01
5	-6.130274e+00	6.860017e+00	1.246680e-01
5	-6.566799e+00	6.471567e+00	1.487740e-01
5	-6.979722e+00	6.056155e+00	1.724097e-01
5	-7.367380e+00	5.615100e+00	1.954858e-01
5	-7.728166e+00	5.149826e+00	2.179139e-01
5	-8.060540e+00	4.661861e+00	2.396061e-01
5	-8.363032e+00	4.152834e+00	2.604757e-01
5	-8.634253e+00	3.624479e+00	2.804373e-01
5	-8.872900e+00	3.078628e+00	2.994072e-01
5	-9.077764e+00	2.517209e+00	3.173040e-01
5	-9.247740e+00	1.942248e+00	3.340485e-01
5	-9.381835e+00	1.355856e+00	3.495645e-01
5	-9.479175e+00	7.602346e-01	3.637791e-01
5	-9.539013e+00	1.576610e-01	3.766230e-01
5	-9.560739e+00	-4.495124e-01	3.880310e-01
5	-9.543888e+00	-1.058868e+00	3.979428e-01
5	-9.488149e+00	-1.667932e+00	4.063030e-01
5	-9.393368e+00	-2.274181e+00	4.130615e-01
5	-9.259559e+00	-2.875056e+00	4.181747e-01
5	-9.086910e+00	-3.467973e+00	4.216050e-01
5	-8.875785e+00	-4.050333e+00	4.233218e-01
5	-8.626734e+00	-4.619539e+00	4.233019e-01
5	-8.340491e+00	-5.173007e+00	4.215296e-01
5	-8.017980e+00	-5.708182e+00	4.179972e-01
5	-7.660312e+00	-6.222554e+00	4.127055e-01
5	-7.268789e+00	-6.713674e+00	4.056635e-01
5	-6.844898e+00	-7.179169e+00	3.968892e-01
5	-6.390309e+00	-7.616757e+00	3.864096e-01
5	-5.906869e+00	-8.024268e+00	3.742602e-01
5	-5.396595e+00	-8.399656e+00	3.604858e-01
5	-4.861666e+00	-8.741015e+00	3.451399e-01
5	-4.304411e+00	-9.046595e+00	3.282849e-01
5	-3.727299e+00	-9.314815e+00	3.099913e-01
5	-3.132922e+00	-9.544276e+00	2.903381e-01
5	-2.523984e+00	-9.733775e+00	2.694117e-01
5	-1.903281e+00	-9.882311e+00	2.473062e-01
5	-1.273687e+00	-9.989097e+00	2.241220e-01
5	-6.381343e-01	-1.005356e+01	1.999660e-01
5	4.074161e-04	-1.007537e+01	1.749502e-01
6	1.984178e+01	-3.063592e+00	-2.681435e-01
6	1.999429e+01	-1.798704e+00	-2.654384e-01
6	2.006246e+01	-5.267136e-01	-2.616156e-01
6	2.004606e+01	7.465334e-01	-2.566935e-01
6	1.994529e+01	2.015199e+00	-2.506962e-01
6	1.976076e+01	3.273486e+00	-2.436534e-01
6	1.949354e+01	4.515678e+00	-2.355998e-01
6	1.914509e+01	5.736168e+00	-2.265751e-01
6	1.871728e+01	6.929497e+00	-2.166237e-01
6	1.821237e+01	8.090381e+00	-2.057945e-01
6	1.763299e+01	9.213744e+00	-1.941402e-01
6	1.698210e+01	1.029474e+01	-1.817170e-01
6	1.626299e+01	1.132879e+01	-1.685847e-01
6	1.547926e+01	1.231158e+01	-1.548055e-01
6	1.463477e+01	1.323910e+01	-1.404442e-01
6	1.373360e+01	1.410767e+01	-1.255676e-01
6	1.278009e+01	1.491391e+01	-1.102440e-01
6	1.177872e+01	1.565479e+01	-9.454278e-02
6	1.073416e+01	1.632764e+01	-7.853416e-02
6	9.651188e+00	1.693011e+01	-6.228867e-02
6	8.534679e+00	1.746023e+01	-4.587679e-02
6	7.389589e+00	1.791637e+01	-2.936865e-02
6	6.220914e+00	1.829725e+01	-1.283365e-02
6	5.033669e+00	1.860193e+01	3.659823e-03
6	3.832863e+00	1.882981e+01	2.004473e-02
6	2.623480e+00	1.898063e+01	3.625559e-02
6	1.410451e+00	1.905443e+01	5.222875e-02
6	1.986399e-01	1.905158e+01	6.790259e-02
6	-1.007177e+00	1.897273e+01	8.321773e-02
6	-2.202327e+00	1.881882e+01	9.811717e-02
6	-3.382254e+00	1.859108e+01	1.125464e-01
6	-4.542537e+00	1.829096e+01	1.264537e-01
6	-5.678896e+00	1.792018e+01	1.397900e-01
6	-6.787205e+00	1.748069e+01	1.525091e-01
6	-7.863502e+00	1.697464e+01	1.645676e-01
6	-8.903995e+00	1.640440e+01	1.759253e-01
6	-9.905068e+00	1.577251e+01	1.865447e-01
6	-1.086329e+01	1.508169e+01	1.963915e-01
6	-1.177542e+01	1.433485e+01	2.054344e-01
6	-1.263839e+01	1.353500e+01	2.136452e-01
6	-1.344936e+01	1.268531e+01	2.209984e-01
6	-1.420566e+01	1.178910e+01	2.274720e-01
6	-1.490483e+01	1.084978e+01	2.330466e-01
6	-1.554459e+01	9.870851e+00	2.377059e-01
6	-1.612291e+01	8.855943e+00	2.414368e-01
6	-1.663790e+01	7.808752e+00	2.442286e-01
6	-1.708793e+01	6.733054e+00	2.460742e-01
6	-1.747153e+01	5.632694e+00	2.469688e-01
6	-1.778747e+01	4.511576e+00	2.469109e-01
6	-1.803470e+01	3.373657e+00	2.459015e-01
6	-1.821240e+01	2.222935e+00	2.439449e-01
6	-1.831994e+01	1.063446e+00	2.410477e-01
6	-1.835691e+01	-1.007450e-01	2.372197e-01
6	-1.832310e+01	-1.265554e+00	2.324734e-01
6	-1.821853e+01	-2.426882e+00	2.268240e-01
6	-1.804341e+01	-3.580628e+00	2.202897e-01
6	-1.779819e+01	-4.722690e+00	2.128912e-01
6	-1.748352e+01	-5.848982e+00	2.046521e-01
6	-1.710027e+01	-6.955435e+00	1.955989e-01
6	-1.664954e+01	-8.038012e+00	1.857607e-01
6	-1.613266e+01	-9.092715e+00	1.751692e-01
6	-1.555115e+01	-1.011560e+01	1.638591e-01
6	-1.490680e+01	-1.110277e+01	1.518676e-01
6	-1.420160e+01	-1.205041e+01	1.392348e-01
6	-1.343776e+01	-1.295480e+01	1.260031e-01
6	-1.261775e+01	-1.381231e+01	1.122177e-01
6	-1.174423e+01	-1.461941e+01	9.792631e-02
6	-1.082012e+01	-1.537271e+01	8.317904e-02
6	-9.848534e+00	-1.606896e+01	6.802840e-02
6	-8.832825e+00	-1.670505e+01	5.252916e-02
6	-7.776555e+00	-1.727807e+01	3.673827e-02
6	-6.683497e+00	-1.778528e+01	2.071468e-02
6	-5.557628e+00	-1.822415e+01	4.519222e-03
6	-4.403119e+00	-1.859236e+01	-1.178559e-02
6	-3.224325e+00	-1.888786e+01	-2.813572e-02
6	-2.025775e+00	-1.910883e+01	-4.446587e-02
6	-8.121569e-01	-1.925374e+01	-6.070968e-02
6	4.116993e-01	-1.932134e+01	-7.680003e-02
6	1.640836e+00	-1.931068e+01	-9.266927e-02
6	2.870190e+00	-1.922116e+01	-1.082496e-01
6	4.094611e+00	-1.905248e+01	-1.234732e-01
6	5.308886e+00	-1.880470e+01	-1.382729e-01
6	6.507763e+00	-1.847824e+01	-1.525823e-01
6	7.685981e+00	-1.807389e+01	-1.663362e-01
6	8.838290e+00	-1.759279e+01	-1.794708e-01
6	9.959488e+00	-1.703648e+01	-1.919246e-01
6	1.104444e+01	-1.640687e+01	-2.036381e-01
6	1.208813e+01	-1.570623e+01	-2.145548e-01
6	1.308567e+01	-1.493724e+01	-2.246213e-01
6	1.403234e+01	-1.410290e+01	-2.337876e-01
6	1.492360e+01	-1.320661e+01	-2.420078e-01
6	1.575518e+01	-1.225208e+01	-2.492400e-01
6	1.652304e+01	-1.124336e+01	-2.554469e-01
6	1.722343e+01	-1.018482e+01	-2.605964e-01
6	1.785292e+01	-9.081078e+00	-2.646610e-01
6	1.840842e+01	-7.937052e+00	-2.676189e-01
6	1.888720e+01	-6.757870e+00	-2.694539e-01
6	1.928692e+01	-5.548872e+00	-2.701552e-01
6	1.960562e+01	-4.315564e+00	-2.697181e-01
6	1.984178e+01	-3.063592e+00	-2.681435e-01
7	-2.922340e+01	-9.099732e+00	8.616142e-01
7	-2.858587e+01	-1.093498e+01	8.847939e-01
7	-2.783189e+01	-1.272547e+01	9.043653e-01
7	-2.696465e+01	-1.446376e+01	9.202475e-01
7	-2.598779e+01	-1.614261e+01	9.323755e-01
7	-2.490546e+01	-1.775504e+01	9.407008e-01
7	-2.372222e+01	-1.929438e+01	9.451910e-01
7	-2.244309e+01	-2.075429e+01	9.458307e-01
7	-2.107348e+01	-2.212876e+01	9.426207e-01
7	-1.961917e+01	-2.341217e+01	9.355784e-01
7	-1.808631e+01	-2.459930e+01	9.247378e-01
7	-1.648134e+01	-2.568536e+01	9.101486e-01
7	-1.481102e+01	-2.666600e+01	8.918767e-01
7	-1.308236e+01	-2.753733e+01	8.700033e-01
7	-1.130257e+01	-2.829593e+01	8.446246e-01
7	-9.479090e+00	-2.893887e+01	8.158514e-01
7	-7.619491e+00	-2.946373e+01	7.838081e-01
7	-5.731475e+00	-2.986858e+01	7.486326e-01
7	-3.822833e+00	-3.015200e+01	7.104753e-01
7	-1.901409e+00	-3.031309e+01	6.694982e-01
7	2.493202e-02	-3.035144e+01	6.258746e-01
7	1.948339e+00	-3.026717e+01	5.797878e-01
7	3.861007e+00	-3.006090e+01	5.314304e-01
7	5.755210e+00	-2.973373e+01	4.810034e-01
7	7.623333e+00	-2.928726e+01	4.287156e-01
7	9.457899e+00	-2.872357e+01	3.747819e-01
7	1.125160e+01	-2.804520e+01	3.194234e-01
7	1.299734e+01	-2.725513e+01	2.628655e-01
7	1.468822e+01	-2.635678e+01	2.053375e-01
7	1.631761e+01	-2.535400e+01	1.470716e-01
7	1.787916e+01	-2.425100e+01	8.830169e-02
7	1.936679e+01	-2.305240e+01	2.926280e-02
7	2.077476e+01	-2.176316e+01	-2.981009e-02
7	2.209765e+01	-2.038858e+01	-8.868287e-02
7	2.333041e+01	-1.893426e+01	-1.471232e-01
7	2.446834e+01	-1.740611e+01	-2.049011e-01
7	2.550715e+01	-1.581027e+01	-2.617905e-01
7	2.644291e+01	-1.415314e+01	-3.175691e-01
7	2.727214e+01	-1.244133e+01	-3.720199e-01
7	2.799174e+01	-1.068163e+01	-4.249316e-01
7	2.859907e+01	-8.880999e+00	-4.760994e-01
7	2.909190e+01	-7.046528e+00	-5.253257e-01
7	2.946845e+01	-5.185416e+00	-5.724208e-01
7	2.972738e+01	-3.304949e+00	-6.172035e-01
7	2.986780e+01	-1.412469e+00	-6.595016e-01
7	2.988926e+01	4.846502e-01	-6.991527e-01
7	2.979176e+01	2.379030e+00	-7.360044e-01
7	2.957575e+01	4.263309e+00	-7.699152e-01
7	2.924212e+01	6.130174e+00	-8.007546e-01
7	2.879220e+01	7.972382e+00	-8.284038e-01
7	2.822775e+01	9.782782e+00	-8.527558e-01
7	2.755097e+01	1.155435e+01	-8.737161e-01
7	2.676445e+01	1.328019e+01	-8.912029e-01
7	2.587124e+01	1.495360e+01	-9.051473e-01
7	2.487475e+01	1.656805e+01	-9.154934e-01
7	2.377880e+01	1.811722e+01	-9.221990e-01
7	2.258758e+01	1.959505e+01	-9.252356e-01
7	2.130565e+01	2.099572e+01	-9.245880e-01
7	1.993792e+01	2.231368e+01	-9.202553e-01
7	1.848964e+01	2.354372e+01	-9.122502e-01
7	1.696635e+01	2.468091e+01	-9.005996e-01
7	1.537392e+01	2.572068e+01	-8.853440e-01
7	1.371849e+01	2.665880e+01	-8.665380e-01
7	1.200646e+01	2.749145e+01	-8.442498e-01
7	1.024447e+01	2.821516e+01	-8.185611e-01
7	8.439354e+00	2.882689e+01	-7.895672e-01
7	6.598169e+00	2.932403e+01	-7.573762e-01
7	4.728122e+00	2.970437e+01	-7.221093e-01
7	2.836563e+00	2.996619e+01	-6.838999e-01
7	9.309586e-01	3.010819e+01	-6.428936e-01
7	-9.811395e-01	3.012955e+01	-5.992477e-01
7	-2.892120e+00	3.002991e+01	-5.531303e-01
7	-4.794344e+00	2.980942e+01	-5.047202e-01
7	-6.680170e+00	2.946868e+01	-4.542062e-01
7	-8.541989e+00	2.900877e+01	-4.017864e-01
7	-1.037225e+01	2.843129e+01	-3.476672e-01
7	-1.216351e+01	2.773828e+01	-2.920630e-01
7	-1.390842e+01	2.693228e+01	-2.351953e-01
7	-1.559982e+01	2.601630e+01	-1.772915e-01
7	-1.723071e+01	2.499382e+01	-1.185846e-01
7	-1.879431e+01	2.386875e+01	-5.931159e-02
7	-2.028412e+01	2.264546e+01	2.869295e-04
7	-2.169386e+01	2.132874e+01	5.996803e-02
7	-2.301762e+01	1.992380e+01	1.194874e-01
7	-2.424977e+01	1.843621e+01	1.786005e-01
7	-2.538508e+01	1.687194e+01	2.370634e-01
7	-2.641870e+01	1.523729e+01	2.946342e-01
7	-2.734617e+01	1.353888e+01	3.510735e-01
7	-2.816349e+01	1.178363e+01	4.061464e-01
7	-2.886710e+01	9.978709e+00	4.596227e-01
7	-2.945392e+01	8.131536e+00	5.112783e-01
7	-2.992137e+01	6.249720e+00	5.608966e-01
7	-3.026736e+01	4.341040e+00	6.082689e-01
7	-3.049032e+01	2.413406e+00	6.531956e-01
7	-3.058920e+01	4.748286e-01	6.954875e-01
7	-3.056350e+01	-1.466624e+00	7.349662e-01
7	-3.041324e+01	-3.402857e+00	7.714652e-01
7	-3.013898e+01	-5.325792e+00	8.048309e-01
7	-2.974182e+01	-7.227398e+00	8.349226e-01
7	-2.922340e+01	-9.099732e+00	8.616142e-01
8	3.375512e+01	3.338503e+01	-1.336010e+01
8	3.155612e+01	3.557403e+01	-1.295779e+01
8	2.919409e+01	3.756679e+01	-1.248720e+01
8	2.668888e+01	3.934855e+01	-1.195249e+01
8	2.406174e+01	4.090730e+01	-1.135854e+01
8	2.133498e+01	4.223384e+01	-1.071083e+01
8	1.853148e+01	4.332195e+01	-1.001531e+01
8	1.567423e+01	4.416830e+01	-9.278285e+00
8	1.278601e+01	4.477242e+01	-8.506310e+00
8	9.888918e+00	4.513656e+01	-7.706025e+00
8	7.004075e+00	4.526540e+01	-6.884053e+00
8	4.151345e+00	4.516587e+01	-6.046891e+00
8	1.349099e+00	4.484683e+01	-5.200813e+00
8	-1.385950e+00	4.431878e+01	-4.351785e+00
8	-4.038850e+00	4.359350e+01	-3.505405e+00
8	-6.596474e+00	4.268381e+01	-2.666848e+00
8	-9.047522e+00	4.160322e+01	-1.840839e+00
8	-1.138249e+01	4.036568e+01	-1.031629e+00
8	-1.359358e+01	3.898534e+01	-2.429889e-01
8	-1.567466e+01	3.747632e+01	5.217817e-01
8	-1.762106e+01	3.585253e+01	1.259845e+00
8	-1.942952e+01	3.412753e+01	1.968799e+00
8	-2.109801e+01	3.231438e+01	2.646657e+00
8	-2.262561e+01	3.042558e+01	3.291809e+00
8	-2.401234e+01	2.847296e+01	3.902995e+00
8	-2.525907e+01	2.646766e+01	4.479269e+00
8	-2.636735e+01	2.442014e+01	5.019960e+00
8	-2.733931e+01	2.234008e+01	5.524646e+00
8	-2.817755e+01	2.023648e+01	5.993117e+00
8	-2.888504e+01	1.811762e+01	6.425344e+00
8	-2.946504e+01	1.599111e+01	6.821453e+00
8	-2.992100e+01	1.386393e+01	7.181699e+00
8	-3.025651e+01	1.174243e+01	7.506439e+00
8	-3.047525e+01	9.632423e+00	7.796116e+00
8	-3.058091e+01	7.539182e+00	8.051235e+00
8	-3.057719e+01	5.467518e+00	8.272349e+00
8	-3.046772e+01	3.421807e+00	8.460044e+00
8	-3.025609e+01	1.406040e+00	8.614928e+00
8	-2.994577e+01	-5.761380e-01	8.737617e+00
8	-2.954013e+01	-2.521385e+00	8.828730e+00
8	-2.904242e+01	-4.426623e+00	8.888877e+00
8	-2.845577e+01	-6.289000e+00	8.918656e+00
8	-2.778315e+01	-8.105857e+00	8.918650e+00
8	-2.702742e+01	-9.874691e+00	8.889416e+00
8	-2.619133e+01	-1.159313e+01	8.831491e+00
8	-2.527746e+01	-1.325889e+01	8.745384e+00
8	-2.428829e+01	-1.486976e+01	8.631577e+00
8	-2.322621e+01	-1.642358e+01	8.490525e+00
8	-2.209348e+01	-1.791821e+01	8.322656e+00
8	-2.089228e+01	-1.935150e+01	8.128372e+00
8	-1.962473e+01	-2.072128e+01	7.908051e+00
8	-1.829286e+01	-2.202533e+01	7.662049e+00
8	-1.689869e+01	-2.326138e+01	7.390703e+00
8	-1.544419e+01	-2.442709e+01	7.094333e+00
8	-1.393133e+01	-2.552001e+01	6.773250e+00
8	-1.236210e+01	-2.653759e+01	6.427755e+00
8	-1.073852e+01	-2.747719e+01	6.058151e+00
8	-9.062690e+00	-2.833600e+01	5.664742e+00
8	-7.336773e+00	-2.911110e+01	5.247846e+00
8	-5.563062e+00	-2.979945e+01	4.807797e+00
8	-3.743997e+00	-3.039782e+01	4.344958e+00
8	-1.882195e+00	-3.090287e+01	3.859729e+00
8	1.951456e-02	-3.131110e+01	3.352554e+00
8	1.958050e+00	-3.161890e+01	2.823938e+00
8	3.930043e+00	-3.182250e+01	2.274453e+00
8	5.931796e+00	-3.191804e+01	1.704757e+00
8	7.959241e+00	-3.190156e+01	1.115602e+00
8	1.000790e+01	-3.176904e+01	5.078570e-01
8	1.207282e+01	-3.151642e+01	-1.174823e-01
8	1.414857e+01	-3.113965e+01	-7.592731e-01
8	1.622915e+01	-3.063475e+01	-1.416208e+00
8	1.830799e+01	-2.999783e+01	-2.086796e+00
8	2.037787e+01	-2.922519e+01	-2.769345e+00
8	2.243092e+01	-2.831340e+01	-3.461942e+00
8	2.445857e+01	-2.725939e+01	-4.162434e+00
8	2.645153e+01	-2.606051e+01	-4.868414e+00
8	2.839980e+01	-2.471470e+01	-5.577203e+00
8	3.029263e+01	-2.322058e+01	-6.285839e+00
8	3.211858e+01	-2.157759e+01	-6.991065e+00
8	3.386555e+01	-1.978614e+01	-7.689332e+00
8	3.552082e+01	-1.784775e+01	-8.376792e+00
8	3.707115e+01	-1.576518e+01	-9.049311e+00
8	3.850289e+01	-1.354263e+01	-9.702486e+00
8	3.980211e+01	-1.118583e+01	-1.033167e+01
8	4.095481e+01	-8.702182e+00	-1.093200e+01
8	4.194708e+01	-6.100900e+00	-1.149848e+01
8	4.276536e+01	-3.393054e+00	-1.202597e+01
8	4.339670e+01	-5.916353e-01	-1.250934e+01
8	4.382902e+01	2.288439e+00	-1.294349e+01
8	4.405147e+01	5.230369e+00	-1.332347e+01
8	4.405465e+01	8.215573e+00	-1.364456e+01
8	4.383101e+01	1.122385e+01	-1.390242e+01
8	4.337506e+01	1.423358e+01	-1.409312e+01
8	4.268367e+01	1.722203e+01	-1.421333e+01
8	4.175629e+01	2.016569e+01	-1.426037e+01
8	4.059510e+01	2.304064e+01	-1.423230e+01
8	3.920511e+01	2.582296e+01	-1.412801e+01
8	3.759422e+01	2.848925e+01	-1.394727e+01
8	3.577310e+01	3.101698e+01	-1.369077e+01
8	3.375512e+01	3.338503e+01	-1.336010e+01
