  0.0000   0    2.000000    0.000000
  0.0000   1    0.000000    3.000000
  0.0000   2    1.000000    0.000000
  0.1250   0    1.992893   -0.113789
  0.1250   1    0.374091    2.976880
  0.1250   2    0.993430   -0.105031
  0.2500   0    1.971525   -0.228300
  0.2500   1    0.742540    2.911012
  0.2500   2    0.973777   -0.209162
  0.3750   0    1.935763   -0.344190
  0.3750   1    1.100542    2.811969
  0.3750   2    0.941212   -0.311447
  0.5000   0    1.885402   -0.461982
  0.5000   1    1.444757    2.693104
  0.5000   2    0.896028   -0.410857
  0.6250   0    1.820181   -0.581980
  0.6250   1    1.773609    2.568834
  0.6250   2    0.838654   -0.506244
  0.7500   0    1.739821   -0.704186
  0.7500   1    2.087276    2.452420
  0.7500   2    0.769673   -0.596332
  0.8750   0    1.644064   -0.828198
  0.8750   1    2.387448    2.354665
  0.8750   2    0.689833   -0.679718
  1.0000   0    1.532735   -0.953103
  1.0000   1    2.676984    2.283472
  1.0000   2    0.600064   -0.754908
  1.1250   0    1.405811   -1.077381
  1.1250   1    2.959557    2.243952
  1.1250   2    0.501486   -0.820365
  1.2500   0    1.263499   -1.198831
  1.2500   1    3.239315    2.238709
  1.2500   2    0.395412   -0.874592
  1.3750   0    1.106326   -1.314559
  1.3750   1    3.520590    2.268079
  1.3750   2    0.283331   -0.916227
  1.5000   0    0.935220   -1.421044
  1.5000   1    3.807616    2.330155
  1.5000   2    0.166891   -0.944144
  1.6250   0    0.751580   -1.514336
  1.6250   1    4.104242    2.420613
  1.6250   2    0.047862   -0.957548
  1.7500   0    0.557311   -1.590365
  1.7500   1    4.413608    2.532417
  1.7500   2   -0.071913   -0.956044
  1.8750   0    0.354811   -1.645371
  1.8750   1    4.737796    2.655621
  1.8750   2   -0.190568   -0.939677
  2.0000   0    0.146907   -1.676375
  2.0000   1    5.077469    2.777613
  2.0000   2   -0.306270   -0.908926
  2.1250   0   -0.063273   -1.681596
  2.1250   1    5.431594    2.884128
  2.1250   2   -0.417271   -0.864660
  2.2500   0   -0.272470   -1.660728
  2.2500   1    5.797346    2.961214
  2.2500   2   -0.521952   -0.808060
  2.3750   0   -0.477481   -1.614985
  2.3750   1    6.170310    2.997880
  2.3750   2   -0.618858   -0.740523
  2.5000   0   -0.675343   -1.546913
  2.5000   1    6.545012    2.988629
  2.5000   2   -0.706715   -0.663563
  2.6250   0   -0.863474   -1.460017
  2.6250   1    6.915717    2.934864
  2.6250   2   -0.784441   -0.578711
  2.7500   0   -1.039768   -1.358299
  2.7500   1    7.277291    2.844523
  2.7500   2   -0.851143   -0.487449
  2.8750   0   -1.202628   -1.245801
  2.8750   1    7.625905    2.730106
  2.8750   2   -0.906107   -0.391155
  3.0000   0   -1.350944   -1.126246
  3.0000   1    7.959440    2.605981
  3.0000   2   -0.948784   -0.291079
  3.1250   0   -1.484038   -1.002792
  3.1250   1    8.277563    2.485939
  3.1250   2   -0.978773   -0.188343
  3.2500   0   -1.601587   -0.877918
  3.2500   1    8.581543    2.381601
  3.2500   2   -0.995805   -0.083957
  3.3750   0   -1.703533   -0.753409
  3.3750   1    8.873925    2.301753
  3.3750   2   -0.999734    0.021145
  3.5000   0   -1.789999   -0.630408
  3.5000   1    9.158173    2.252316
  3.5000   2   -0.990526    0.126068
  3.6250   0   -1.861218   -0.509511
  3.6250   1    9.438325    2.236619
  3.6250   2   -0.968260    0.229906
  3.7500   0   -1.917465   -0.390862
  3.7500   1    9.718688    2.255666
  3.7500   2   -0.933129    0.331700
  3.8750   0   -1.959014   -0.274267
  3.8750   1   10.003555    2.308235
  3.8750   2   -0.885455    0.430397
  4.0000   0   -1.986095   -0.159279
  4.0000   1   10.296921    2.390761
  4.0000   2   -0.825697    0.524825
  4.1250   0   -1.998873   -0.045287
  4.1250   1   10.602178    2.497052
  4.1250   2   -0.754466    0.613682
  4.2500   0   -1.997428    0.068414
  4.2500   1   10.921763    2.618041
  4.2500   2   -0.672549    0.695543
  4.3750   0   -1.981752    0.182553
  4.3750   1   11.256802    2.741853
  4.3750   2   -0.580913    0.768899
  4.5000   0   -1.951746    0.297823
  4.5000   1   11.606793    2.854556
  4.5000   2   -0.480717    0.832216
  4.6250   0   -1.907229    0.414806
  4.6250   1   11.969445    2.941847
  4.6250   2   -0.373309    0.884014
  4.7500   0   -1.847961    0.533906
  4.7500   1   12.340779    2.991550
  4.7500   2   -0.260215    0.922973
  4.8750   0   -1.773664    0.655256
  4.8750   1   12.715566    2.996298
  4.8750   2   -0.143110    0.948024
  5.0000   0   -1.684067    0.778627
  5.0000   1   13.088058    2.955370
  5.0000   2   -0.023781    0.958448
  5.1250   0   -1.578955    0.903323
  5.1250   1   13.452854    2.874882
  5.1250   2    0.095918    0.953938
  5.2500   0   -1.458233    1.028075
  5.2500   1   13.805674    2.766233
  5.2500   2    0.214124    0.934627
  5.3750   0   -1.322008    1.150960
  5.3750   1   14.143863    2.643513
  5.3750   2    0.329018    0.901078
  5.5000   0   -1.170667    1.269357
  5.5000   1   14.466560    2.520900
  5.5000   2    0.438874    0.854229
  5.6250   0   -1.004971    1.379979
  5.6250   1   14.774580    2.410777
  5.6250   2    0.542104    0.795312
  5.7500   0   -0.826125    1.479017
  5.7500   1   15.070124    2.322807
  5.7500   2    0.637286    0.725758
  5.8750   0   -0.635829    1.562400
  5.8750   1   15.356416    2.263753
  5.8750   2    0.723187    0.647088
  6.0000   0   -0.436291    1.626192
  6.0000   1   15.637354    2.237691
  6.0000   2    0.798762    0.560832
  6.1250   0   -0.230179    1.667046
  6.1250   1   15.917196    2.246306
  6.1250   2    0.863156    0.468451
  6.2500   0   -0.020518    1.682660
  6.2500   1   16.200268    2.289049
  6.2500   2    0.915689    0.371301
  6.3750   0    0.189462    1.672122
  6.3750   1   16.490685    2.363082
  6.3750   2    0.955843    0.270604
  6.5000   0    0.396513    1.636051
  6.5000   1   16.792055    2.463039
  6.5000   2    0.983244    0.167458
  6.6250   0    0.597556    1.576497
  6.6250   1   17.107142    2.580732
  6.6250   2    0.997650    0.062855
  6.7500   0    0.789843    1.496638
  6.7500   1   17.437503    2.705090
  6.7500   2    0.998937   -0.042283
  6.8750   0    0.971073    1.400332
  6.8750   1   17.783151    2.822667
  6.8750   2    0.987094   -0.147062
  7.0000   0    1.139444    1.291658
  7.0000   1   18.142339    2.919039
  7.0000   2    0.962221   -0.250568
  7.1250   0    1.293657    1.174501
  7.1250   1   18.511564    2.981100
  7.1250   2    0.924539   -0.351827
  7.2500   0    1.432871    1.052263
  7.2500   1   18.885909    2.999780
  7.2500   2    0.874394   -0.449765
  7.3750   0    1.556633    0.927702
  7.3750   1   19.259693    2.972254
  7.3750   2    0.812274   -0.543182
  7.5000   0    1.664788    0.802877
  7.5000   1   19.627320    2.902671
  7.5000   2    0.738827   -0.630749
  7.6250   0    1.757397    0.679176
  7.6250   1   19.984105    2.801085
  7.6250   2    0.654872   -0.711024
  7.7500   0    1.834658    0.557400
  7.7500   1   20.326870    2.681069
  7.7500   2    0.561415   -0.782484
  7.8750   0    1.896835    0.437863
  7.8750   1   20.654217    2.557012
  7.8750   2    0.459655   -0.843600
  8.0000   0    1.944208    0.320491
  8.0000   1   20.966480    2.441980
  8.0000   2    0.350976   -0.892917
