  0.0000   0    2.000000    0.000000
  0.0000   1    0.000000    3.000000
  0.0000   2    1.000000    0.000000
  0.1250   0    2.015644    0.250672
  0.1250   1    0.375916    3.023466
  0.1250   2    1.007822    0.125336
  0.2500   0    2.062821    0.505265
  0.2500   1    0.757713    3.094232
  0.2500   2    1.031411    0.252633
  0.3750   0    2.142269    0.767763
  0.3750   1    1.151364    3.213403
  0.3750   2    1.071134    0.383882
  0.5000   0    2.255231    1.042272
  0.5000   1    1.563026    3.382846
  0.5000   2    1.127615    0.521136
  0.6250   0    2.403473    1.333086
  0.6250   1    1.999141    3.605210
  0.6250   2    1.201737    0.666543
  0.7500   0    2.589316    1.644755
  0.7500   1    2.466531    3.883975
  0.7500   2    1.294658    0.822378
  0.8750   0    2.815667    1.982155
  0.8750   1    2.972507    4.223500
  0.8750   2    1.407833    0.991077
  1.0000   0    3.086066    2.350564
  1.0000   1    3.524985    4.629098
  1.0000   2    1.543033    1.175282
  1.1250   0    3.404743    2.755745
  1.1250   1    4.132608    5.107115
  1.1250   2    1.702372    1.377872
  1.2500   0    3.776685    3.204037
  1.2500   1    4.804883    5.665027
  1.2500   2    1.888342    1.602019
  1.3750   0    4.207709    3.702454
  1.3750   1    5.552325    6.311564
  1.3750   2    2.103855    1.851227
  1.5000   0    4.704559    4.258792
  1.5000   1    6.386628    7.056839
  1.5000   2    2.352280    2.129396
  1.6250   0    5.275008    4.881754
  1.6250   1    7.320844    7.912512
  1.6250   2    2.637504    2.440877
  1.7500   0    5.927979    5.581088
  1.7500   1    8.369588    8.891969
  1.7500   2    2.963990    2.790544
  1.8750   0    6.673688    6.367732
  1.8750   1    9.549267   10.010533
  1.8750   2    3.336844    3.183866
  2.0000   0    7.523801    7.253994
  2.0000   1   10.878335   11.285702
  2.0000   2    3.761901    3.626997
  2.1250   0    8.491617    8.253738
  2.1250   1   12.377585   12.737425
  2.1250   2    4.245808    4.126869
  2.2500   0    9.592276    9.382604
  2.2500   1   14.070470   14.388414
  2.2500   2    4.796138    4.691302
  2.3750   0   10.842998   10.658252
  2.3750   1   15.983475   16.264497
  2.3750   2    5.421499    5.329126
  2.5000   0   12.263348   12.100638
  2.5000   1   18.146527   18.395022
  2.5000   2    6.131674    6.050319
  2.6250   0   13.875547   13.732328
  2.6250   1   20.593465   20.813321
  2.6250   2    6.937774    6.866164
  2.7500   0   15.704817   15.578848
  2.7500   1   23.362568   23.557225
  2.7500   2    7.852408    7.789424
  2.8750   0   17.779774   17.669085
  2.8750   1   26.497158   26.669660
  2.8750   2    8.889887    8.834542
  3.0000   0   20.132879   20.035738
  3.0000   1   30.046271   30.199318
  3.0000   2   10.066439   10.017869
  3.1250   0   22.800944   22.715831
  3.1250   1   34.065430   34.201416
  3.1250   2   11.400472   11.357916
  3.2500   0   25.825709   25.751293
  3.2500   1   38.617512   38.738564
  3.2500   2   12.912855   12.875647
  3.3750   0   29.254494   29.189611
  3.3750   1   43.773729   43.881741
  3.3750   2   14.627247   14.594805
  3.5000   0   33.140938   33.084573
  3.5000   1   49.614746   49.711408
  3.5000   2   16.570469   16.542286
  3.6250   0   37.545842   37.497113
  3.6250   1   56.231940   56.318763
  3.6250   2   18.772921   18.748556
  3.7500   0   42.538116   42.496260
  3.7500   1   63.728832   63.807175
  3.7500   2   21.269058   21.248130
  3.8750   0   48.195860   48.160223
  3.8750   1   72.222702   72.293790
  3.8750   2   24.097930   24.080111
  4.0000   0   54.607584   54.577608
  4.0000   1   81.846430   81.911376
  4.0000   2   27.303792   27.288804
  4.1250   0   61.873593   61.848809
  4.1250   1   92.750570   92.810390
  4.1250   2   30.936797   30.924405
  4.2500   0   70.107558   70.087579
  4.2500   1  105.105707  105.161337
  4.2500   2   35.053779   35.043789
  4.3750   0   79.438291   79.422804
  4.3750   1  119.105127  119.157436
  4.3750   2   39.719145   39.711402
  4.5000   0   90.011763   90.000525
  4.5000   1  134.967837  135.017645
  4.5000   2   45.005882   45.000263
  4.6250   0  101.993386  101.986223
  4.6250   1  152.941995  152.990080
  4.6250   2   50.996693   50.993111
  4.7500   0  115.570603  115.567401
  4.7500   1  173.308789  173.355904
  4.7500   2   57.785301   57.783700
  4.8750   0  130.955815  130.956524
  4.8750   1  196.386841  196.433722
  4.8750   2   65.477907   65.478262
  5.0000   0  148.389710  148.394343
  5.0000   1  222.537184  222.584565
  5.0000   2   74.194855   74.197171
  5.1250   0  168.145026  168.153654
  5.1250   1  252.168916  252.217539
  5.1250   2   84.072513   84.076827
  5.2500   0  190.530817  190.543575
  5.2500   1  285.745600  285.796225
  5.2500   2   95.265408   95.271787
  5.3750   0  215.897287  215.914375
  5.3750   1  323.792511  323.845930
  5.3750   2  107.948643  107.957187
  5.5000   0  244.641271  244.662956
  5.5000   1  366.904858  366.961907
  5.5000   2  122.320636  122.331478
  5.6250   0  277.212444  277.239065
  5.6250   1  415.757095  415.818665
  5.6250   2  138.606222  138.619533
  5.7500   0  314.120350  314.152324
  5.7500   1  471.113469  471.180525
  5.7500   2  157.060175  157.076162
  5.8750   0  355.942380  355.980208
  5.8750   1  533.839980  533.913571
  5.8750   2  177.971190  177.990104
  6.0000   0  403.332802  403.377075
  6.0000   1  604.917927  604.999203
  6.0000   2  201.666401  201.688537
  6.1250   0  457.032995  457.084405
  6.1250   1  685.459260  685.549493
  6.1250   2  228.516498  228.542203
  6.2500   0  517.883049  517.942401
  6.2500   1  776.723972  776.824574
  6.2500   2  258.941525  258.971201
  6.3750   0  586.834908  586.903130
  6.3750   1  880.139817  880.252362
  6.3750   2  293.417454  293.451565
  6.5000   0  664.967259  665.045419
  6.5000   1  997.324641  997.450889
  6.5000   2  332.483630  332.522709
  6.6250   0  753.502412  753.591732
  6.6250   1 1130.111692 1130.253618
  6.6250   2  376.751206  376.795866
  6.7500   0  853.825417  853.927295
  6.7500   1 1280.578302 1280.738126
  6.7500   2  426.912709  426.963648
  6.8750   0  967.505737  967.621766
  6.8750   1 1451.078382 1451.258605
  6.8750   2  483.752868  483.810883
  7.0000   0 1096.321795 1096.453790
  7.0000   1 1644.279250 1644.482692
  7.0000   2  548.160897  548.226895
  7.1250   0 1242.288799 1242.438826
  7.1250   1 1863.203356 1863.433198
  7.1250   2  621.144399  621.219413
  7.2500   0 1407.690270 1407.860676
  7.2500   1 2111.275565 2111.535405
  7.2500   2  703.845135  703.930338
  7.3750   0 1595.113761 1595.307212
  7.3750   1 2392.376741 2392.670642
  7.3750   2  797.556881  797.653606
  7.5000   0 1807.491342 1807.710863
  7.5000   1 2710.904452 2711.237013
  7.5000   2  903.745671  903.855431
  7.6250   0 2048.145463 2048.394489
  7.6250   1 3071.841772 3072.218194
  7.6250   2 1024.072731 1024.197244
  7.7500   0 2320.840937 2321.123364
  7.7500   1 3480.835233 3481.261406
  7.7500   2 1160.420469 1160.561682
  7.8750   0 2629.843835 2630.164081
  7.8750   1 3944.283162 3944.765753
  7.8750   2 1314.921918 1315.082041
  8.0000   0 2979.988223 2980.351298
  8.0000   1 4469.435776 4469.982335
  8.0000   2 1489.994112 1490.175649
